2024-11-26 23:04:48.974 | INFO     | services.auth:register:70 - {'action': 'register', 'status': 'success', 'user_data': 'email: nikolaj.tutik@mail.ru', 'message': 'User registered successfully'}
2024-11-26 23:05:44.299 | INFO     | services.auth:verify_user_account:276 - {'action': 'verify_user_account', 'status': 'success', 'user_data': 'email: nikolaj.tutik@mail.ru', 'message': 'Account verified successfully'}
2024-11-26 23:06:26.511 | INFO     | services.auth:authenticate_user:137 - {'action': 'login', 'status': 'success', 'user_data': 'email: nikolaj.tutik@mail.ru', 'message': 'User logged in successfully'}
2024-11-26 23:06:52.951 | INFO     | services.token:get_current_user:80 - {'action': 'get_current_user', 'status': 'success', 'user_id': '1', 'message': 'User authenticated'}
2024-11-26 23:07:25.547 | INFO     | services.token:get_current_user:80 - {'action': 'get_current_user', 'status': 'success', 'user_id': '1', 'message': 'User authenticated'}
2024-11-26 23:07:25.618 | INFO     | services.profile:change_email:89 - {'action': 'change_email', 'status': 'success', 'user_data': 'user_old_email: nikolaj.tutik@mail.ru, user_new_email: tutikosnov@gmail.com', 'message': 'Email changed successfully'}
2024-11-26 23:07:28.528 | INFO     | services.profile:change_email:97 - {'action': 'change_email', 'status': 'success', 'user_data': 'user_email: tutikosnov@gmail.com', 'message': 'Confirmation (email) message sent successfully to {data.new_email}'}
2024-11-26 23:08:12.402 | INFO     | services.auth:verify_user_account:276 - {'action': 'verify_user_account', 'status': 'success', 'user_data': 'email: tutikosnov@gmail.com', 'message': 'Account verified successfully'}
2024-11-26 23:08:28.010 | WARNING  | services.owner:owner_check:13 - {'action': 'owner_check', 'status': 'failed', 'message': 'Incorrect password'}
2024-11-26 23:43:40.841 | INFO     | services.auth:register:73 - {'action': 'register', 'status': 'success', 'user_data': 'email: tutikosnov@gmail.com', 'message': 'User registered successfully'}
2024-11-26 23:43:46.794 | INFO     | services.auth:verify_user_account:279 - {'action': 'verify_user_account', 'status': 'success', 'user_data': 'email: tutikosnov@gmail.com', 'message': 'Account verified successfully'}
2024-11-26 23:44:07.909 | INFO     | services.auth:authenticate_user:140 - {'action': 'login', 'status': 'success', 'user_data': 'email: tutikosnov@gmail.com', 'message': 'User logged in successfully'}
2024-11-26 23:44:21.490 | INFO     | services.token:get_current_user:80 - {'action': 'get_current_user', 'status': 'success', 'user_id': '1', 'message': 'User authenticated'}
2024-11-26 23:44:38.241 | WARNING  | services.owner:owner_check:13 - {'action': 'owner_check', 'status': 'failed', 'message': 'Incorrect password'}
2024-11-26 23:50:09.306 | INFO     | services.auth:authenticate_user:140 - {'action': 'login', 'status': 'success', 'user_data': 'email: tutikosnov@gmail.com', 'message': 'User logged in successfully'}
2024-11-26 23:50:21.506 | INFO     | services.token:get_current_user:80 - {'action': 'get_current_user', 'status': 'success', 'user_id': '1', 'message': 'User authenticated'}
2024-11-26 23:50:41.784 | INFO     | services.token:get_current_user:80 - {'action': 'get_current_user', 'status': 'success', 'user_id': '1', 'message': 'User authenticated'}
2024-11-28 17:59:33.282 | ERROR    | services.auth:register:49 - {'action': 'register', 'status': 'failed', 'user_data': 'email: popovroma054@gmail.com', 'message': 'User with this email already exists'}
2024-11-28 18:03:58.223 | INFO     | services.auth:register:72 - {'action': 'register', 'status': 'success', 'user_data': 'email: popovroma054@gmail.com', 'message': 'User registered successfully'}
2024-11-28 18:04:40.988 | INFO     | services.auth:verify_user_account:278 - {'action': 'verify_user_account', 'status': 'success', 'user_data': 'email: popovroma054@gmail.com', 'message': 'Account verified successfully'}
2024-11-28 18:05:04.475 | INFO     | services.auth:authenticate_user:139 - {'action': 'login', 'status': 'success', 'user_data': 'email: popovroma054@gmail.com', 'message': 'User logged in successfully'}
2024-11-28 18:05:22.719 | INFO     | services.token:get_current_user:80 - {'action': 'get_current_user', 'status': 'success', 'user_id': '3', 'message': 'User authenticated'}
2024-11-28 20:04:35.255 | INFO     | services.auth:register:72 - {'action': 'register', 'status': 'success', 'user_data': 'email: popovrromma@gmail.com', 'message': 'User registered successfully'}
2024-11-28 20:07:57.192 | INFO     | services.auth:verify_user_account:278 - {'action': 'verify_user_account', 'status': 'success', 'user_data': 'email: popovrromma@gmail.com', 'message': 'Account verified successfully'}
2024-11-28 20:08:28.871 | WARNING  | services.auth:authenticate_user:93 - {'action': 'login', 'status': 'failed', 'user_data': 'email: qwer', 'message': 'Incorrect email or password'}
2024-11-28 20:08:52.207 | WARNING  | services.auth:authenticate_user:93 - {'action': 'login', 'status': 'failed', 'user_data': 'email: qwer', 'message': 'Incorrect email or password'}
2024-11-28 20:09:06.843 | INFO     | services.auth:authenticate_user:139 - {'action': 'login', 'status': 'success', 'user_data': 'email: popovrromma@gmail.com', 'message': 'User logged in successfully'}
2024-11-28 20:09:30.631 | INFO     | services.token:get_current_user:80 - {'action': 'get_current_user', 'status': 'success', 'user_id': '4', 'message': 'User authenticated'}
2024-11-29 00:57:12.684 | ERROR    | services.token:decode_token:112 - {'action': 'decode_token', 'status': 'failed', 'token': 'eyJhbGciOiJIUzI1NiIsInR5cCI6IkpXVCJ9.eyJzdWIiOiI0IiwiZXhwIjoxNzMyNzg5NDQ2LCJyZWZyZXNoIjpmYWxzZSwiaXNzIjoiRlZrLTdJbnAydFJuT19SSkd1emlFV2htMXpaNWFsR1hncUlqZDJ6NjhfZyJ9.713HLBKlzR4Dv2lXLgSUurW_QP0aLUluWC66VgedUUo', 'message': 'Error decoding token: Signature has expired'}
2024-11-29 00:57:37.788 | INFO     | services.auth:authenticate_user:139 - {'action': 'login', 'status': 'success', 'user_data': 'email: popovrromma@gmail.com', 'message': 'User logged in successfully'}
2024-11-29 01:00:04.651 | INFO     | services.token:get_current_user:80 - {'action': 'get_current_user', 'status': 'success', 'user_id': '4', 'message': 'User authenticated'}
2024-11-29 01:05:17.014 | INFO     | services.token:get_current_user:80 - {'action': 'get_current_user', 'status': 'success', 'user_id': '4', 'message': 'User authenticated'}
2024-11-29 01:06:10.513 | INFO     | services.token:get_current_user:80 - {'action': 'get_current_user', 'status': 'success', 'user_id': '4', 'message': 'User authenticated'}
2024-11-29 01:06:43.472 | INFO     | services.token:get_current_user:80 - {'action': 'get_current_user', 'status': 'success', 'user_id': '4', 'message': 'User authenticated'}
2024-11-29 01:13:00.382 | INFO     | services.token:get_current_user:80 - {'action': 'get_current_user', 'status': 'success', 'user_id': '4', 'message': 'User authenticated'}
2024-11-29 01:15:27.152 | INFO     | services.auth:authenticate_user:139 - {'action': 'login', 'status': 'success', 'user_data': 'email: popovrromma@gmail.com', 'message': 'User logged in successfully'}
2024-11-29 01:15:47.972 | INFO     | services.token:get_current_user:80 - {'action': 'get_current_user', 'status': 'success', 'user_id': '4', 'message': 'User authenticated'}
2024-11-29 01:18:15.175 | INFO     | services.token:get_current_user:80 - {'action': 'get_current_user', 'status': 'success', 'user_id': '4', 'message': 'User authenticated'}
2024-11-29 01:20:16.732 | INFO     | services.token:get_current_user:80 - {'action': 'get_current_user', 'status': 'success', 'user_id': '4', 'message': 'User authenticated'}
2024-11-29 01:21:14.151 | INFO     | services.token:get_current_user:80 - {'action': 'get_current_user', 'status': 'success', 'user_id': '4', 'message': 'User authenticated'}
2024-11-29 01:23:08.905 | INFO     | services.token:get_current_user:80 - {'action': 'get_current_user', 'status': 'success', 'user_id': '4', 'message': 'User authenticated'}
2024-11-29 01:23:23.634 | INFO     | services.token:get_current_user:80 - {'action': 'get_current_user', 'status': 'success', 'user_id': '4', 'message': 'User authenticated'}
2024-11-29 01:25:56.549 | INFO     | services.token:get_current_user:80 - {'action': 'get_current_user', 'status': 'success', 'user_id': '4', 'message': 'User authenticated'}
2024-11-29 01:26:19.727 | INFO     | services.token:get_current_user:80 - {'action': 'get_current_user', 'status': 'success', 'user_id': '4', 'message': 'User authenticated'}
2024-11-29 01:26:43.537 | INFO     | services.token:get_current_user:80 - {'action': 'get_current_user', 'status': 'success', 'user_id': '4', 'message': 'User authenticated'}
2024-11-29 01:28:11.393 | INFO     | services.token:get_current_user:80 - {'action': 'get_current_user', 'status': 'success', 'user_id': '4', 'message': 'User authenticated'}
2024-11-29 01:28:54.471 | INFO     | services.token:get_current_user:80 - {'action': 'get_current_user', 'status': 'success', 'user_id': '4', 'message': 'User authenticated'}
2024-11-29 01:28:57.371 | INFO     | services.token:get_current_user:80 - {'action': 'get_current_user', 'status': 'success', 'user_id': '4', 'message': 'User authenticated'}
2024-11-29 01:29:28.553 | INFO     | services.auth:authenticate_user:139 - {'action': 'login', 'status': 'success', 'user_data': 'email: popovrromma@gmail.com', 'message': 'User logged in successfully'}
2024-11-29 01:29:43.958 | INFO     | services.token:get_current_user:80 - {'action': 'get_current_user', 'status': 'success', 'user_id': '4', 'message': 'User authenticated'}
2024-11-29 01:30:32.232 | INFO     | services.token:get_current_user:80 - {'action': 'get_current_user', 'status': 'success', 'user_id': '4', 'message': 'User authenticated'}
2024-11-29 01:30:44.318 | INFO     | services.token:get_current_user:80 - {'action': 'get_current_user', 'status': 'success', 'user_id': '4', 'message': 'User authenticated'}
2024-11-29 01:31:06.003 | INFO     | services.token:get_current_user:80 - {'action': 'get_current_user', 'status': 'success', 'user_id': '4', 'message': 'User authenticated'}
2024-11-29 01:31:46.985 | INFO     | services.token:get_current_user:80 - {'action': 'get_current_user', 'status': 'success', 'user_id': '4', 'message': 'User authenticated'}
2024-11-29 01:36:03.463 | INFO     | services.token:get_current_user:80 - {'action': 'get_current_user', 'status': 'success', 'user_id': '4', 'message': 'User authenticated'}
2024-11-29 01:38:44.233 | INFO     | services.token:get_current_user:80 - {'action': 'get_current_user', 'status': 'success', 'user_id': '4', 'message': 'User authenticated'}
2024-11-29 01:41:44.140 | INFO     | services.token:get_current_user:80 - {'action': 'get_current_user', 'status': 'success', 'user_id': '4', 'message': 'User authenticated'}
2024-11-29 01:42:28.239 | INFO     | services.auth:authenticate_user:139 - {'action': 'login', 'status': 'success', 'user_data': 'email: popovrromma@gmail.com', 'message': 'User logged in successfully'}
2024-11-29 01:42:42.224 | INFO     | services.token:get_current_user:80 - {'action': 'get_current_user', 'status': 'success', 'user_id': '4', 'message': 'User authenticated'}
2024-11-29 01:46:01.504 | INFO     | services.token:get_current_user:80 - {'action': 'get_current_user', 'status': 'success', 'user_id': '4', 'message': 'User authenticated'}
2024-11-29 01:47:38.788 | INFO     | services.token:get_current_user:80 - {'action': 'get_current_user', 'status': 'success', 'user_id': '4', 'message': 'User authenticated'}
2024-11-29 01:51:05.382 | INFO     | services.token:get_current_user:80 - {'action': 'get_current_user', 'status': 'success', 'user_id': '4', 'message': 'User authenticated'}
2024-11-29 01:52:48.079 | INFO     | services.token:get_current_user:80 - {'action': 'get_current_user', 'status': 'success', 'user_id': '4', 'message': 'User authenticated'}
2024-11-29 01:53:05.664 | INFO     | services.token:get_current_user:80 - {'action': 'get_current_user', 'status': 'success', 'user_id': '4', 'message': 'User authenticated'}
2024-11-29 01:55:26.489 | INFO     | services.token:get_current_user:80 - {'action': 'get_current_user', 'status': 'success', 'user_id': '4', 'message': 'User authenticated'}
2024-11-29 01:57:02.648 | INFO     | services.token:get_current_user:80 - {'action': 'get_current_user', 'status': 'success', 'user_id': '4', 'message': 'User authenticated'}
2024-11-29 01:59:58.545 | INFO     | services.owner:delete_user:95 - {'action': 'delete_user', 'status': 'success', 'user_data': 'user_email: popovroma054@gmail.com', 'message': 'User deleted successfully'}
2024-11-29 02:02:05.582 | INFO     | services.owner:set_role:35 - {'action': 'set_role', 'status': 'success', 'user_data': 'user_email: popovrromma@gmail.com, user_role: user', 'message': 'Role changed successfully'}
2024-11-29 02:10:11.214 | INFO     | services.auth:authenticate_user:139 - {'action': 'login', 'status': 'success', 'user_data': 'email: popovrromma@gmail.com', 'message': 'User logged in successfully'}
2024-11-29 02:10:26.122 | INFO     | services.token:get_current_user:80 - {'action': 'get_current_user', 'status': 'success', 'user_id': '4', 'message': 'User authenticated'}
2024-11-29 02:15:10.014 | INFO     | services.token:get_current_user:80 - {'action': 'get_current_user', 'status': 'success', 'user_id': '4', 'message': 'User authenticated'}
2024-11-29 02:16:17.557 | INFO     | services.token:get_current_user:80 - {'action': 'get_current_user', 'status': 'success', 'user_id': '4', 'message': 'User authenticated'}
2024-11-29 02:18:13.382 | INFO     | services.token:get_current_user:80 - {'action': 'get_current_user', 'status': 'success', 'user_id': '4', 'message': 'User authenticated'}
2024-11-29 02:18:43.807 | INFO     | services.token:get_current_user:80 - {'action': 'get_current_user', 'status': 'success', 'user_id': '4', 'message': 'User authenticated'}
2024-11-29 02:21:48.633 | INFO     | services.token:get_current_user:80 - {'action': 'get_current_user', 'status': 'success', 'user_id': '4', 'message': 'User authenticated'}
2024-11-29 02:22:09.797 | INFO     | services.token:get_current_user:80 - {'action': 'get_current_user', 'status': 'success', 'user_id': '4', 'message': 'User authenticated'}
2024-11-29 02:22:57.317 | INFO     | services.token:get_current_user:80 - {'action': 'get_current_user', 'status': 'success', 'user_id': '4', 'message': 'User authenticated'}
2024-11-29 02:25:27.715 | INFO     | services.auth:authenticate_user:139 - {'action': 'login', 'status': 'success', 'user_data': 'email: popovrromma@gmail.com', 'message': 'User logged in successfully'}
2024-11-29 02:25:40.181 | INFO     | services.token:get_current_user:80 - {'action': 'get_current_user', 'status': 'success', 'user_id': '4', 'message': 'User authenticated'}
2024-11-29 02:26:30.365 | INFO     | services.token:get_current_user:80 - {'action': 'get_current_user', 'status': 'success', 'user_id': '4', 'message': 'User authenticated'}
2024-11-29 02:29:54.142 | INFO     | services.token:get_current_user:80 - {'action': 'get_current_user', 'status': 'success', 'user_id': '4', 'message': 'User authenticated'}
2024-11-29 02:32:12.504 | INFO     | services.token:get_current_user:80 - {'action': 'get_current_user', 'status': 'success', 'user_id': '4', 'message': 'User authenticated'}
2024-11-29 02:32:46.476 | INFO     | services.token:get_current_user:80 - {'action': 'get_current_user', 'status': 'success', 'user_id': '4', 'message': 'User authenticated'}
2024-11-29 02:39:20.550 | INFO     | services.token:get_current_user:80 - {'action': 'get_current_user', 'status': 'success', 'user_id': '4', 'message': 'User authenticated'}
2024-11-29 02:43:06.559 | INFO     | services.auth:authenticate_user:139 - {'action': 'login', 'status': 'success', 'user_data': 'email: popovrromma@gmail.com', 'message': 'User logged in successfully'}
2024-11-29 02:43:22.631 | INFO     | services.token:get_current_user:80 - {'action': 'get_current_user', 'status': 'success', 'user_id': '4', 'message': 'User authenticated'}
2024-11-29 02:49:51.336 | INFO     | services.token:get_current_user:80 - {'action': 'get_current_user', 'status': 'success', 'user_id': '4', 'message': 'User authenticated'}
2024-11-29 02:50:41.372 | INFO     | services.token:get_current_user:80 - {'action': 'get_current_user', 'status': 'success', 'user_id': '4', 'message': 'User authenticated'}
2024-11-29 02:51:30.017 | INFO     | services.token:get_current_user:80 - {'action': 'get_current_user', 'status': 'success', 'user_id': '4', 'message': 'User authenticated'}
2024-11-29 02:51:46.220 | INFO     | services.token:get_current_user:80 - {'action': 'get_current_user', 'status': 'success', 'user_id': '4', 'message': 'User authenticated'}
2024-11-29 02:52:10.895 | INFO     | services.token:get_current_user:80 - {'action': 'get_current_user', 'status': 'success', 'user_id': '4', 'message': 'User authenticated'}
2024-11-29 13:37:38.936 | WARNING  | services.auth:authenticate_user:93 - {'action': 'login', 'status': 'failed', 'user_data': 'email: popovroma054@gmail.com', 'message': 'Incorrect email or password'}
2024-11-29 13:37:46.248 | INFO     | services.auth:authenticate_user:139 - {'action': 'login', 'status': 'success', 'user_data': 'email: popovrromma@gmail.com', 'message': 'User logged in successfully'}
2024-11-29 13:38:01.575 | INFO     | services.token:get_current_user:80 - {'action': 'get_current_user', 'status': 'success', 'user_id': '4', 'message': 'User authenticated'}
2024-11-29 13:40:28.764 | INFO     | services.token:get_current_user:80 - {'action': 'get_current_user', 'status': 'success', 'user_id': '4', 'message': 'User authenticated'}
2024-11-29 13:46:12.133 | INFO     | services.auth:authenticate_user:142 - {'action': 'login', 'status': 'success', 'user_data': 'email: popovrromma@gmail.com', 'message': 'User logged in successfully'}
2024-11-29 13:46:24.464 | INFO     | services.token:get_current_user:80 - {'action': 'get_current_user', 'status': 'success', 'user_id': '4', 'message': 'User authenticated'}
2024-11-29 13:49:25.141 | INFO     | services.token:get_current_user:80 - {'action': 'get_current_user', 'status': 'success', 'user_id': '4', 'message': 'User authenticated'}
2024-11-29 13:51:17.237 | INFO     | services.token:get_current_user:80 - {'action': 'get_current_user', 'status': 'success', 'user_id': '4', 'message': 'User authenticated'}
2024-11-29 13:52:31.658 | INFO     | services.token:get_current_user:80 - {'action': 'get_current_user', 'status': 'success', 'user_id': '4', 'message': 'User authenticated'}
2024-11-29 13:53:14.686 | INFO     | services.token:get_current_user:80 - {'action': 'get_current_user', 'status': 'success', 'user_id': '4', 'message': 'User authenticated'}
2024-11-29 13:56:34.341 | INFO     | services.auth:register:72 - {'action': 'register', 'status': 'success', 'user_data': 'email: popovroma054@gmail.com', 'message': 'User registered successfully'}
2024-11-29 13:56:57.623 | INFO     | services.auth:verify_user_account:278 - {'action': 'verify_user_account', 'status': 'success', 'user_data': 'email: popovroma054@gmail.com', 'message': 'Account verified successfully'}
2024-11-29 13:57:27.769 | INFO     | services.auth:authenticate_user:139 - {'action': 'login', 'status': 'success', 'user_data': 'email: popovroma054@gmail.com', 'message': 'User logged in successfully'}
2024-11-29 13:57:44.812 | INFO     | services.token:get_current_user:80 - {'action': 'get_current_user', 'status': 'success', 'user_id': '6', 'message': 'User authenticated'}
2024-11-29 13:59:51.792 | INFO     | services.token:get_current_user:80 - {'action': 'get_current_user', 'status': 'success', 'user_id': '6', 'message': 'User authenticated'}
2024-11-29 14:45:05.693 | INFO     | services.auth:authenticate_user:139 - {'action': 'login', 'status': 'success', 'user_data': 'email: popovroma054@gmail.com', 'message': 'User logged in successfully'}
2024-11-29 16:30:14.205 | INFO     | services.auth:authenticate_user:139 - {'action': 'login', 'status': 'success', 'user_data': 'email: popovroma054@gmail.com', 'message': 'User logged in successfully'}
2024-11-29 16:30:30.717 | INFO     | services.token:get_current_user:80 - {'action': 'get_current_user', 'status': 'success', 'user_id': '6', 'message': 'User authenticated'}
2024-11-29 17:00:05.438 | INFO     | services.auth:authenticate_user:139 - {'action': 'login', 'status': 'success', 'user_data': 'email: popovroma054@gmail.com', 'message': 'User logged in successfully'}
2024-11-29 17:00:29.613 | INFO     | services.token:get_current_user:80 - {'action': 'get_current_user', 'status': 'success', 'user_id': '6', 'message': 'User authenticated'}
2024-11-29 17:05:57.018 | INFO     | services.token:get_current_user:80 - {'action': 'get_current_user', 'status': 'success', 'user_id': '6', 'message': 'User authenticated'}
2024-11-29 17:08:00.263 | INFO     | services.token:get_current_user:80 - {'action': 'get_current_user', 'status': 'success', 'user_id': '6', 'message': 'User authenticated'}
2024-11-29 17:08:35.543 | INFO     | services.token:get_current_user:80 - {'action': 'get_current_user', 'status': 'success', 'user_id': '6', 'message': 'User authenticated'}
2024-11-29 17:11:24.609 | INFO     | services.auth:authenticate_user:139 - {'action': 'login', 'status': 'success', 'user_data': 'email: popovroma054@gmail.com', 'message': 'User logged in successfully'}
2024-11-29 17:11:38.653 | INFO     | services.token:get_current_user:80 - {'action': 'get_current_user', 'status': 'success', 'user_id': '6', 'message': 'User authenticated'}
2024-11-29 17:11:48.145 | INFO     | services.token:get_current_user:80 - {'action': 'get_current_user', 'status': 'success', 'user_id': '6', 'message': 'User authenticated'}
2024-11-29 17:24:51.715 | INFO     | services.token:get_current_user:80 - {'action': 'get_current_user', 'status': 'success', 'user_id': '6', 'message': 'User authenticated'}
2024-11-29 17:27:14.115 | INFO     | services.auth:authenticate_user:139 - {'action': 'login', 'status': 'success', 'user_data': 'email: popovroma054@gmail.com', 'message': 'User logged in successfully'}
2024-11-29 17:27:27.544 | ERROR    | services.token:get_current_user:70 - {'action': 'get_current_user', 'status': 'failed', 'token': 'eyJhbGciOiJIUzI1NiIsInR5cCI6IkpXVCJ9.eyJzdWIiOiI2IiwiZXhwIjoxNzMyODY2MTM0LCJyZWZyZXNoIjpmYWxzZSwiaXNzIjoiRlZrLTdJbnAydFJuT19SSkd1emlFV2htMXpaNWFsR1hncUlqZDJ6NjhfZyJ9.jLbIiv5c1U3WEceietdyGoQvEeYrjLWpCsVVO4rD8G', 'message': 'Invalid token'}
2024-11-29 17:27:45.191 | ERROR    | services.token:get_current_user:70 - {'action': 'get_current_user', 'status': 'failed', 'token': 'eyJhbGciOiJIUzI1NiIsInR5cCI6IkpXVCJ9.eyJzdWIiOiI2IiwiZXhwIjoxNzMyODY2MTM0LCJyZWZyZXNoIjpmYWxzZSwiaXNzIjoiRlZrLTdJbnAydFJuT19SSkd1emlFV2htMXpaNWFsR1hncUlqZDJ6NjhfZyJ9.jLbIiv5c1U3WEceietdyGoQvEeYrjLWpCsVVO4rD8G', 'message': 'Invalid token'}
2024-11-29 17:28:32.246 | WARNING  | services.auth:authenticate_user:93 - {'action': 'login', 'status': 'failed', 'user_data': 'email: popovroma054@gmail.com&', 'message': 'Incorrect email or password'}
2024-11-29 17:28:41.705 | INFO     | services.auth:authenticate_user:139 - {'action': 'login', 'status': 'success', 'user_data': 'email: popovroma054@gmail.com', 'message': 'User logged in successfully'}
2024-11-29 17:28:55.944 | INFO     | services.token:get_current_user:80 - {'action': 'get_current_user', 'status': 'success', 'user_id': '6', 'message': 'User authenticated'}
2024-11-29 17:29:33.602 | INFO     | services.token:get_current_user:80 - {'action': 'get_current_user', 'status': 'success', 'user_id': '6', 'message': 'User authenticated'}
2024-11-29 17:29:58.769 | INFO     | services.token:get_current_user:80 - {'action': 'get_current_user', 'status': 'success', 'user_id': '6', 'message': 'User authenticated'}
2024-11-29 17:30:21.046 | INFO     | services.token:get_current_user:80 - {'action': 'get_current_user', 'status': 'success', 'user_id': '6', 'message': 'User authenticated'}
2024-11-29 17:59:21.117 | INFO     | services.auth:register:72 - {'action': 'register', 'status': 'success', 'user_data': 'email: popovroma054@gmail.com', 'message': 'User registered successfully'}
2024-11-29 18:00:25.159 | INFO     | services.auth:verify_user_account:278 - {'action': 'verify_user_account', 'status': 'success', 'user_data': 'email: popovroma054@gmail.com', 'message': 'Account verified successfully'}
2024-11-29 18:01:04.084 | INFO     | services.auth:authenticate_user:139 - {'action': 'login', 'status': 'success', 'user_data': 'email: popovroma054@gmail.com', 'message': 'User logged in successfully'}
2024-11-29 18:01:18.239 | INFO     | services.token:get_current_user:80 - {'action': 'get_current_user', 'status': 'success', 'user_id': '1', 'message': 'User authenticated'}
2024-11-29 18:13:06.233 | INFO     | services.auth:authenticate_user:139 - {'action': 'login', 'status': 'success', 'user_data': 'email: popovroma054@gmail.com', 'message': 'User logged in successfully'}
2024-11-29 18:14:06.825 | INFO     | services.token:get_current_user:80 - {'action': 'get_current_user', 'status': 'success', 'user_id': '1', 'message': 'User authenticated'}
2024-11-29 18:14:24.530 | INFO     | services.token:get_current_user:80 - {'action': 'get_current_user', 'status': 'success', 'user_id': '1', 'message': 'User authenticated'}
2024-11-29 18:14:43.196 | INFO     | services.token:get_current_user:80 - {'action': 'get_current_user', 'status': 'success', 'user_id': '1', 'message': 'User authenticated'}
2024-11-29 22:58:19.555 | INFO     | services.auth:authenticate_user:139 - {'action': 'login', 'status': 'success', 'user_data': 'email: popovroma054@gmail.com', 'message': 'User logged in successfully'}
2024-11-29 22:58:34.010 | INFO     | services.token:get_current_user:80 - {'action': 'get_current_user', 'status': 'success', 'user_id': '1', 'message': 'User authenticated'}
2024-11-29 22:58:54.216 | INFO     | services.token:get_current_user:80 - {'action': 'get_current_user', 'status': 'success', 'user_id': '1', 'message': 'User authenticated'}
2024-11-29 23:01:18.896 | INFO     | services.auth:authenticate_user:139 - {'action': 'login', 'status': 'success', 'user_data': 'email: popovroma054@gmail.com', 'message': 'User logged in successfully'}
2024-11-29 23:01:47.595 | INFO     | services.token:get_current_user:80 - {'action': 'get_current_user', 'status': 'success', 'user_id': '1', 'message': 'User authenticated'}
2024-11-30 12:23:17.310 | INFO     | services.auth:authenticate_user:138 - {'action': 'login', 'status': 'success', 'user_data': 'email: popovroma054@gmail.com', 'message': 'User logged in successfully'}
2024-11-30 12:23:34.646 | INFO     | services.token:get_current_user:80 - {'action': 'get_current_user', 'status': 'success', 'user_id': '1', 'message': 'User authenticated'}
2024-11-30 12:23:34.652 | ERROR    | services.twoFactorAuth:enable_otp:40 - {'action': 'enable 2fa', 'status': 'failed', 'user_data': 'email: popovroma054@gmail.com', 'message': '2fa is already enabled'}
2024-11-30 12:25:54.994 | INFO     | services.token:get_current_user:80 - {'action': 'get_current_user', 'status': 'success', 'user_id': '1', 'message': 'User authenticated'}
2024-11-30 12:25:55.113 | INFO     | services.twoFactorAuth:enable_otp:29 - {'action': 'enable 2fa', 'status': 'success', 'user_data': 'email: popovroma054@gmail.com', 'message': 'Enable 2fa successfully'}
2024-11-30 12:26:25.737 | INFO     | services.token:get_current_user:80 - {'action': 'get_current_user', 'status': 'success', 'user_id': '1', 'message': 'User authenticated'}
2024-11-30 12:26:25.773 | INFO     | services.twoFactorAuth:verify_2fa_code:71 - {'action': 'verify 2fa', 'status': 'success', 'user_data': 'email: popovroma054@gmail.com', 'message': '2FA verification succeeded'}
2024-11-30 12:26:36.168 | INFO     | services.token:get_current_user:80 - {'action': 'get_current_user', 'status': 'success', 'user_id': '1', 'message': 'User authenticated'}
2024-11-30 12:26:36.173 | ERROR    | services.twoFactorAuth:verify_2fa_code:82 - {'action': 'verify 2fa', 'status': 'failed', 'user_data': 'email: popovroma054@gmail.com', 'message': 'Invalid 2fa code'}
2024-11-30 21:15:36.869 | INFO     | services.auth:password_reset_request:169 - {'action': 'password_reset_request', 'status': 'success', 'user_data': 'email: test@example.com', 'message': 'Reset password message sent successfully to test@example.com'}
2024-11-30 21:15:37.036 | ERROR    | url_token:decode_url_safe_token:33 - No b'.' found in value
2024-11-30 21:15:37.036 | ERROR    | services.auth:verify_user_account:248 - {'action': 'verify_user_account', 'status': 'failed', 'data': 'token: valid_email_confirm_token', 'message': 'Invalid or expired token'}
2024-11-30 21:15:37.040 | ERROR    | services.token:decode_token:112 - {'action': 'decode_token', 'status': 'failed', 'token': 'valid_refresh_token', 'message': 'Error decoding token: Not enough segments'}
2024-11-30 21:27:51.694 | ERROR    | services.auth:register:48 - {'action': 'register', 'status': 'failed', 'user_data': 'email: popovroma054@gmail.com', 'message': 'User with this email already exists'}
2024-11-30 21:28:07.757 | ERROR    | services.auth:register:48 - {'action': 'register', 'status': 'failed', 'user_data': 'username: rtbf', 'message': 'User with this username already exists'}
2024-11-30 21:28:24.650 | ERROR    | services.auth:register:48 - {'action': 'register', 'status': 'failed', 'user_data': 'phone_number: 89656705235', 'message': 'User with this phone_number already exists'}
2024-11-30 21:28:35.623 | INFO     | services.auth:register:71 - {'action': 'register', 'status': 'success', 'user_data': 'email: popovrromma054@gmail.com', 'message': 'User registered successfully'}
2024-11-30 21:28:45.286 | ERROR    | services.auth:register:48 - {'action': 'register', 'status': 'failed', 'user_data': 'email: popovrromma054@gmail.com', 'message': 'User with this email already exists'}
2024-11-30 21:35:30.432 | ERROR    | services.auth:register:48 - {'action': 'register', 'status': 'failed', 'user_data': 'email: popovrromma054@gmail.com', 'message': 'User with this email already exists'}
2024-11-30 21:37:48.106 | ERROR    | services.auth:register:48 - {'action': 'register', 'status': 'failed', 'user_data': 'email: popovrromma054@gmail.com', 'message': 'User with this email already exists'}
2024-11-30 21:41:12.864 | ERROR    | services.auth:register:48 - {'action': 'register', 'status': 'failed', 'user_data': 'email: popovrromma054@gmail.com', 'message': 'User with this email already exists'}
2024-11-30 22:35:04.486 | ERROR    | services.auth:register:48 - {'action': 'register', 'status': 'failed', 'user_data': 'email: popovroma054@gmail.com', 'message': 'User with this email already exists'}
2024-12-01 00:54:15.750 | ERROR    | services.auth:register:48 - {'action': 'register', 'status': 'failed', 'user_data': 'username: rtbf', 'message': 'User with this username already exists'}
2024-12-01 00:54:15.799 | ERROR    | services.auth:register:48 - {'action': 'register', 'status': 'failed', 'user_data': 'username: rtbf', 'message': 'User with this username already exists'}
2024-12-01 00:54:15.808 | ERROR    | services.auth:register:48 - {'action': 'register', 'status': 'failed', 'user_data': 'username: rtbf', 'message': 'User with this username already exists'}
2024-12-01 00:54:15.816 | ERROR    | services.auth:register:48 - {'action': 'register', 'status': 'failed', 'user_data': 'username: rtbf', 'message': 'User with this username already exists'}
2024-12-01 00:54:15.824 | ERROR    | services.auth:register:48 - {'action': 'register', 'status': 'failed', 'user_data': 'username: rtbf', 'message': 'User with this username already exists'}
2024-12-01 00:54:15.831 | ERROR    | services.auth:register:48 - {'action': 'register', 'status': 'failed', 'user_data': 'username: rtbf', 'message': 'User with this username already exists'}
2024-12-01 00:56:29.476 | ERROR    | services.auth:register:48 - {'action': 'register', 'status': 'failed', 'user_data': 'username: rtbf', 'message': 'User with this username already exists'}
2024-12-01 01:01:33.470 | ERROR    | services.auth:register:48 - {'action': 'register', 'status': 'failed', 'user_data': 'email: popovroma054@gmail.com', 'message': 'User with this email already exists'}
2024-12-02 18:04:14.799 | INFO     | services.auth:authenticate_user:141 - {'action': 'login', 'status': 'success', 'user_data': 'email: popovroma054@gmail.com', 'message': 'User logged in successfully'}
2024-12-02 18:04:21.162 | INFO     | services.auth:authenticate_user:141 - {'action': 'login', 'status': 'success', 'user_data': 'email: popovroma054@gmail.com', 'message': 'User logged in successfully'}
2024-12-02 18:05:19.842 | INFO     | services.auth:authenticate_user:141 - {'action': 'login', 'status': 'success', 'user_data': 'email: popovroma054@gmail.com', 'message': 'User logged in successfully'}
2024-12-02 18:05:27.871 | INFO     | services.auth:authenticate_user:141 - {'action': 'login', 'status': 'success', 'user_data': 'email: popovroma054@gmail.com', 'message': 'User logged in successfully'}
2024-12-02 18:13:33.359 | INFO     | services.auth:authenticate_user:141 - {'action': 'login', 'status': 'success', 'user_data': 'email: popovroma054@gmail.com', 'message': 'User logged in successfully'}
2024-12-02 18:25:28.615 | INFO     | services.auth:authenticate_user:148 - {'action': 'login', 'status': 'success', 'user_data': 'email: popovroma054@gmail.com', 'message': 'User logged in successfully'}
2024-12-02 18:25:32.521 | INFO     | services.auth:authenticate_user:148 - {'action': 'login', 'status': 'success', 'user_data': 'email: popovroma054@gmail.com', 'message': 'User logged in successfully'}
2024-12-02 18:25:35.709 | INFO     | services.auth:authenticate_user:148 - {'action': 'login', 'status': 'success', 'user_data': 'email: popovroma054@gmail.com', 'message': 'User logged in successfully'}
2024-12-02 18:25:36.371 | INFO     | services.auth:authenticate_user:148 - {'action': 'login', 'status': 'success', 'user_data': 'email: popovroma054@gmail.com', 'message': 'User logged in successfully'}
2024-12-02 18:25:36.901 | INFO     | services.auth:authenticate_user:148 - {'action': 'login', 'status': 'success', 'user_data': 'email: popovroma054@gmail.com', 'message': 'User logged in successfully'}
2024-12-02 18:25:42.656 | INFO     | services.auth:authenticate_user:148 - {'action': 'login', 'status': 'success', 'user_data': 'email: popovroma054@gmail.com', 'message': 'User logged in successfully'}
2024-12-02 18:26:58.124 | INFO     | services.auth:authenticate_user:140 - {'action': 'login', 'status': 'success', 'user_data': 'email: popovroma054@gmail.com', 'message': 'User logged in successfully'}
2024-12-02 18:27:01.147 | WARNING  | services.auth:authenticate_user:95 - {'action': 'login', 'status': 'failed', 'user_data': 'email: popovroma054@gmail.com', 'message': 'Incorrect email or password'}
2024-12-02 18:37:38.242 | WARNING  | services.auth:authenticate_user:95 - {'action': 'login', 'status': 'failed', 'user_data': 'email: popovrromma054@gmail.com', 'message': 'Incorrect email or password'}
2024-12-02 18:37:46.354 | INFO     | services.auth:authenticate_user:140 - {'action': 'login', 'status': 'success', 'user_data': 'email: popovroma054@gmail.com', 'message': 'User logged in successfully'}
2024-12-02 18:38:08.064 | INFO     | services.auth:authenticate_user:141 - {'action': 'login', 'status': 'success', 'user_data': 'email: popovroma054@gmail.com', 'message': 'User logged in successfully'}
2024-12-02 18:39:10.348 | INFO     | services.auth:authenticate_user:141 - {'action': 'login', 'status': 'success', 'user_data': 'email: popovroma054@gmail.com', 'message': 'User logged in successfully'}
2024-12-02 18:39:24.329 | ERROR    | services.auth:authenticate_user:149 - {'action': 'login', 'status': 'failed', 'user_data': 'email: popovroma054@gmail.com', 'message': 'Incorrect 2fa code'}
2024-12-02 18:39:36.141 | ERROR    | services.auth:authenticate_user:149 - {'action': 'login', 'status': 'failed', 'user_data': 'email: popovroma054@gmail.com', 'message': 'Incorrect 2fa code'}
2024-12-02 18:40:01.662 | ERROR    | services.auth:authenticate_user:148 - {'action': 'login', 'status': 'failed', 'user_data': 'email: popovroma054@gmail.com', 'message': 'Incorrect 2fa code'}
2024-12-02 18:40:29.403 | INFO     | services.auth:authenticate_user:140 - {'action': 'login', 'status': 'success', 'user_data': 'email: popovroma054@gmail.com', 'message': 'User logged in successfully'}
2024-12-02 18:40:38.086 | INFO     | services.auth:authenticate_user:140 - {'action': 'login', 'status': 'success', 'user_data': 'email: popovroma054@gmail.com', 'message': 'User logged in successfully'}
2024-12-02 18:40:41.960 | ERROR    | services.auth:authenticate_user:148 - {'action': 'login', 'status': 'failed', 'user_data': 'email: popovroma054@gmail.com', 'message': 'Incorrect 2fa code'}
2024-12-02 18:40:47.047 | WARNING  | services.auth:authenticate_user:95 - {'action': 'login', 'status': 'failed', 'user_data': 'email: popovroma054@gmail.com', 'message': 'Incorrect email or password'}
2024-12-02 18:40:53.030 | WARNING  | services.auth:authenticate_user:95 - {'action': 'login', 'status': 'failed', 'user_data': 'email: popovroma54@gmail.com', 'message': 'Incorrect email or password'}
2024-12-02 18:40:56.328 | INFO     | services.auth:authenticate_user:140 - {'action': 'login', 'status': 'success', 'user_data': 'email: popovroma054@gmail.com', 'message': 'User logged in successfully'}
2024-12-02 18:41:01.962 | ERROR    | services.auth:authenticate_user:148 - {'action': 'login', 'status': 'failed', 'user_data': 'email: popovroma054@gmail.com', 'message': 'Incorrect 2fa code'}
2024-12-02 18:42:10.013 | INFO     | services.auth:authenticate_user:140 - {'action': 'login', 'status': 'success', 'user_data': 'email: popovroma054@gmail.com', 'message': 'User logged in successfully'}
2024-12-02 18:42:14.459 | ERROR    | services.auth:authenticate_user:148 - {'action': 'login', 'status': 'failed', 'user_data': 'email: popovroma054@gmail.com', 'message': 'Incorrect 2fa code'}
2024-12-02 18:44:00.530 | ERROR    | services.auth:authenticate_user:148 - {'action': 'login', 'status': 'failed', 'user_data': 'email: popovroma054@gmail.com', 'message': 'Incorrect 2fa code'}
2024-12-02 18:44:34.907 | INFO     | services.auth:authenticate_user:140 - {'action': 'login', 'status': 'success', 'user_data': 'email: popovroma054@gmail.com', 'message': 'User logged in successfully'}
2024-12-02 19:19:52.830 | INFO     | services.auth:authenticate_user:139 - {'action': 'login', 'status': 'success', 'user_data': 'email: popovroma054@gmail.com', 'message': 'User logged in successfully'}
2024-12-02 19:20:06.711 | INFO     | services.token:get_current_user:80 - {'action': 'get_current_user', 'status': 'success', 'user_id': '1', 'message': 'User authenticated'}
2024-12-02 19:22:17.536 | ERROR    | services.auth:authenticate_user:146 - {'action': 'login', 'status': 'failed', 'user_data': 'email: popovroma054@gmail.com', 'message': 'Incorrect 2fa code'}
2024-12-02 19:22:49.211 | ERROR    | services.auth:authenticate_user:146 - {'action': 'login', 'status': 'failed', 'user_data': 'email: popovroma054@gmail.com', 'message': 'Incorrect 2fa code'}
2024-12-02 19:50:51.326 | ERROR    | services.auth:authenticate_user:146 - {'action': 'login', 'status': 'failed', 'user_data': 'email: popovroma054@gmail.com', 'message': 'Incorrect 2fa code'}
2024-12-02 19:53:40.955 | ERROR    | services.auth:authenticate_user:149 - {'action': 'login', 'status': 'failed', 'user_data': 'email: popovroma054@gmail.com', 'message': 'Incorrect 2fa code'}
2024-12-02 19:54:26.420 | INFO     | services.auth:authenticate_user:142 - {'action': 'login', 'status': 'success', 'user_data': 'email: popovroma054@gmail.com', 'message': 'User logged in successfully'}
2024-12-02 19:54:46.150 | INFO     | services.token:get_current_user:80 - {'action': 'get_current_user', 'status': 'success', 'user_id': '1', 'message': 'User authenticated'}
2024-12-02 19:54:46.245 | INFO     | services.twoFactorAuth:enable_otp:29 - {'action': 'enable 2fa', 'status': 'success', 'user_data': 'email: popovroma054@gmail.com', 'message': 'Enable 2fa successfully'}
2024-12-02 19:55:23.998 | ERROR    | services.auth:authenticate_user:149 - {'action': 'login', 'status': 'failed', 'user_data': 'email: popovroma054@gmail.com', 'message': 'Incorrect 2fa code'}
2024-12-02 19:55:35.620 | ERROR    | services.auth:authenticate_user:149 - {'action': 'login', 'status': 'failed', 'user_data': 'email: popovroma054@gmail.com', 'message': 'Incorrect 2fa code'}
2024-12-02 19:56:50.895 | INFO     | services.auth:authenticate_user:142 - {'action': 'login', 'status': 'success', 'user_data': 'email: popovroma054@gmail.com', 'message': 'User logged in successfully'}
2024-12-02 19:57:02.905 | INFO     | services.token:get_current_user:80 - {'action': 'get_current_user', 'status': 'success', 'user_id': '1', 'message': 'User authenticated'}
2024-12-02 19:57:02.956 | INFO     | services.twoFactorAuth:enable_otp:29 - {'action': 'enable 2fa', 'status': 'success', 'user_data': 'email: popovroma054@gmail.com', 'message': 'Enable 2fa successfully'}
2024-12-02 19:58:21.584 | INFO     | services.auth:authenticate_user:142 - {'action': 'login', 'status': 'success', 'user_data': 'email: popovroma054@gmail.com', 'message': 'User logged in successfully'}
2024-12-02 19:58:26.617 | ERROR    | services.auth:authenticate_user:149 - {'action': 'login', 'status': 'failed', 'user_data': 'email: popovroma054@gmail.com', 'message': 'Incorrect 2fa code'}
2024-12-02 19:58:34.952 | ERROR    | services.auth:authenticate_user:149 - {'action': 'login', 'status': 'failed', 'user_data': 'email: popovroma054@gmail.com', 'message': 'Incorrect 2fa code'}
2024-12-02 19:58:43.400 | INFO     | services.auth:authenticate_user:142 - {'action': 'login', 'status': 'success', 'user_data': 'email: popovroma054@gmail.com', 'message': 'User logged in successfully'}
2024-12-02 19:59:02.580 | INFO     | services.token:get_current_user:80 - {'action': 'get_current_user', 'status': 'success', 'user_id': '1', 'message': 'User authenticated'}
2024-12-02 19:59:02.608 | INFO     | services.twoFactorAuth:disable_2fa:63 - {'action': 'enable 2fa', 'status': 'success', 'user_data': 'email: popovroma054@gmail.com', 'message': 'Disable 2fa successfully'}
2024-12-02 20:06:34.166 | INFO     | services.auth:register:72 - {'action': 'register', 'status': 'success', 'user_data': 'email: popovroma054@gmail.com', 'message': 'User registered successfully'}
2024-12-02 20:07:14.519 | INFO     | services.auth:verify_user_account:280 - {'action': 'verify_user_account', 'status': 'success', 'user_data': 'email: popovroma054@gmail.com', 'message': 'Account verified successfully'}
2024-12-02 20:09:38.007 | INFO     | services.auth:register:72 - {'action': 'register', 'status': 'success', 'user_data': 'email: popovroma054@gmail.com', 'message': 'User registered successfully'}
2024-12-02 20:09:44.744 | INFO     | services.auth:verify_user_account:280 - {'action': 'verify_user_account', 'status': 'success', 'user_data': 'email: popovroma054@gmail.com', 'message': 'Account verified successfully'}
2024-12-02 20:14:12.140 | INFO     | services.auth:authenticate_user:144 - {'action': 'login', 'status': 'success', 'user_data': 'email: popovroma054@gmail.com', 'message': 'User logged in successfully'}
2024-12-02 20:14:35.133 | INFO     | services.token:get_current_user:80 - {'action': 'get_current_user', 'status': 'success', 'user_id': '1', 'message': 'User authenticated'}
2024-12-02 20:14:35.179 | INFO     | services.twoFactorAuth:enable_otp:29 - {'action': 'enable 2fa', 'status': 'success', 'user_data': 'email: popovroma054@gmail.com', 'message': 'Enable 2fa successfully'}
2024-12-02 20:15:56.093 | INFO     | services.auth:authenticate_user:144 - {'action': 'login', 'status': 'success', 'user_data': 'email: popovroma054@gmail.com', 'message': 'User logged in successfully'}
2024-12-02 20:16:00.795 | ERROR    | services.auth:authenticate_user:151 - {'action': 'login', 'status': 'failed', 'user_data': 'email: popovroma054@gmail.com', 'message': 'Incorrect 2fa code'}
2024-12-02 20:16:07.983 | INFO     | services.auth:authenticate_user:144 - {'action': 'login', 'status': 'success', 'user_data': 'email: popovroma054@gmail.com', 'message': 'User logged in successfully'}
2024-12-02 20:16:22.642 | INFO     | services.token:get_current_user:80 - {'action': 'get_current_user', 'status': 'success', 'user_id': '1', 'message': 'User authenticated'}
2024-12-02 20:16:22.661 | INFO     | services.twoFactorAuth:disable_2fa:63 - {'action': 'enable 2fa', 'status': 'success', 'user_data': 'email: popovroma054@gmail.com', 'message': 'Disable 2fa successfully'}
2024-12-02 20:17:07.323 | INFO     | services.auth:authenticate_user:144 - {'action': 'login', 'status': 'success', 'user_data': 'email: popovroma054@gmail.com', 'message': 'User logged in successfully'}
2024-12-02 20:17:20.363 | INFO     | services.token:get_current_user:80 - {'action': 'get_current_user', 'status': 'success', 'user_id': '1', 'message': 'User authenticated'}
2024-12-02 20:17:20.415 | INFO     | services.twoFactorAuth:enable_otp:29 - {'action': 'enable 2fa', 'status': 'success', 'user_data': 'email: popovroma054@gmail.com', 'message': 'Enable 2fa successfully'}
2024-12-02 20:17:58.314 | ERROR    | services.auth:authenticate_user:151 - {'action': 'login', 'status': 'failed', 'user_data': 'email: popovroma054@gmail.com', 'message': 'Incorrect 2fa code'}
2024-12-02 20:18:06.656 | ERROR    | services.auth:authenticate_user:151 - {'action': 'login', 'status': 'failed', 'user_data': 'email: popovroma054@gmail.com', 'message': 'Incorrect 2fa code'}
2024-12-02 20:18:27.440 | INFO     | services.auth:authenticate_user:144 - {'action': 'login', 'status': 'success', 'user_data': 'email: popovroma054@gmail.com', 'message': 'User logged in successfully'}
2024-12-02 22:57:26.485 | ERROR    | services.auth:authenticate_user:151 - {'action': 'login', 'status': 'failed', 'user_data': 'email: popovroma054@gmail.com', 'message': 'Incorrect 2fa code'}
2024-12-02 22:57:41.905 | INFO     | services.auth:authenticate_user:144 - {'action': 'login', 'status': 'success', 'user_data': 'email: popovroma054@gmail.com', 'message': 'User logged in successfully'}
2024-12-03 19:58:09.955 | INFO     | services.auth:register:72 - {'action': 'register', 'status': 'success', 'user_data': 'email: popovrromma@gmail.com', 'message': 'User registered successfully'}
2024-12-03 19:58:40.031 | ERROR    | services.auth:authenticate_user:109 - {'action': 'login', 'status': 'failed', 'user_data': 'email: popovrromma@gmail.com', 'message': 'Account is not confirmed'}
2024-12-03 20:00:54.531 | INFO     | services.auth:verify_user_account:282 - {'action': 'verify_user_account', 'status': 'success', 'user_data': 'email: popovrromma@gmail.com', 'message': 'Account verified successfully'}
2024-12-03 20:01:24.616 | INFO     | services.auth:authenticate_user:144 - {'action': 'login', 'status': 'success', 'user_data': 'email: popovrromma@gmail.com', 'message': 'User logged in successfully'}
2024-12-03 21:21:07.892 | ERROR    | services.auth:register:49 - {'action': 'register', 'status': 'failed', 'user_data': 'email: popovroma054@gmail.com', 'message': 'User with this email already exists'}
2024-12-03 21:26:31.590 | ERROR    | services.auth:register:49 - {'action': 'register', 'status': 'failed', 'user_data': 'phone_number: 89656705235', 'message': 'User with this phone_number already exists'}
2024-12-03 21:27:04.928 | INFO     | services.auth:register:72 - {'action': 'register', 'status': 'success', 'user_data': 'email: popovvroma054@gmail.com', 'message': 'User registered successfully'}
2024-12-03 21:43:43.789 | ERROR    | services.auth:register:49 - {'action': 'register', 'status': 'failed', 'user_data': 'email: popovvroma054@gmail.com', 'message': 'User with this email already exists'}
2024-12-03 21:44:48.073 | ERROR    | services.auth:register:49 - {'action': 'register', 'status': 'failed', 'user_data': 'email: popovvroma054@gmail.com', 'message': 'User with this email already exists'}
2024-12-03 21:46:17.450 | ERROR    | services.auth:register:49 - {'action': 'register', 'status': 'failed', 'user_data': 'email: popovvroma054@gmail.com', 'message': 'User with this email already exists'}
2024-12-03 23:33:11.156 | ERROR    | services.auth:register:49 - {'action': 'register', 'status': 'failed', 'user_data': 'email: popovvroma054@gmail.com', 'message': 'User with this email already exists'}
2024-12-04 00:01:07.855 | ERROR    | services.auth:register:49 - {'action': 'register', 'status': 'failed', 'user_data': 'email: popovvroma054@gmail.com', 'message': 'User with this email already exists'}
2024-12-04 00:08:57.218 | ERROR    | services.auth:register:49 - {'action': 'register', 'status': 'failed', 'user_data': 'email: popovvroma054@gmail.com', 'message': 'User with this email already exists'}
2024-12-04 00:12:32.873 | ERROR    | services.auth:register:49 - {'action': 'register', 'status': 'failed', 'user_data': 'email: popovvroma054@gmail.com', 'message': 'User with this email already exists'}
2024-12-04 00:30:33.386 | ERROR    | services.auth:register:49 - {'action': 'register', 'status': 'failed', 'user_data': 'email: popovvroma054@gmail.com', 'message': 'User with this email already exists'}
2024-12-04 00:31:21.902 | ERROR    | services.auth:register:49 - {'action': 'register', 'status': 'failed', 'user_data': 'email: popovvroma054@gmail.com', 'message': 'User with this email already exists'}
2024-12-04 14:12:06.933 | ERROR    | services.auth:register:49 - {'action': 'register', 'status': 'failed', 'user_data': 'email: popovvroma054@gmail.com', 'message': 'User with this email already exists'}
2024-12-05 14:28:30.029 | INFO     | services.auth:register:72 - {'action': 'register', 'status': 'success', 'user_data': 'email: tutikosnov@gmail.com', 'message': 'User registered successfully'}
2024-12-05 14:32:52.985 | ERROR    | services.auth:register:49 - {'action': 'register', 'status': 'failed', 'user_data': 'email: tutikosnov@gmail.com', 'message': 'User with this email already exists'}
2024-12-05 14:41:56.894 | INFO     | services.auth:register:72 - {'action': 'register', 'status': 'success', 'user_data': 'email: tutikosnov@gmail.com', 'message': 'User registered successfully'}
2024-12-05 23:48:13.546 | INFO     | services.auth:register:72 - {'action': 'register', 'status': 'success', 'user_data': 'email: popovrromma@gmail.com', 'message': 'User registered successfully'}
2024-12-05 23:48:55.843 | INFO     | services.auth:verify_user_account:282 - {'action': 'verify_user_account', 'status': 'success', 'user_data': 'email: popovrromma@gmail.com', 'message': 'Account verified successfully'}
2024-12-05 23:49:56.636 | INFO     | services.auth:authenticate_user:144 - {'action': 'login', 'status': 'success', 'user_data': 'email: popovrromma@gmail.com', 'message': 'User logged in successfully'}
2024-12-05 23:51:25.847 | INFO     | services.token:get_current_user:80 - {'action': 'get_current_user', 'status': 'success', 'user_id': '1', 'message': 'User authenticated'}
2024-12-05 23:51:25.942 | INFO     | services.twoFactorAuth:enable_otp:29 - {'action': 'enable 2fa', 'status': 'success', 'user_data': 'email: popovrromma@gmail.com', 'message': 'Enable 2fa successfully'}
2024-12-05 23:51:31.593 | INFO     | services.token:get_current_user:80 - {'action': 'get_current_user', 'status': 'success', 'user_id': '1', 'message': 'User authenticated'}
2024-12-05 23:51:31.608 | INFO     | services.twoFactorAuth:disable_2fa:63 - {'action': 'enable 2fa', 'status': 'success', 'user_data': 'email: popovrromma@gmail.com', 'message': 'Disable 2fa successfully'}
2024-12-05 23:51:36.805 | INFO     | services.token:get_current_user:80 - {'action': 'get_current_user', 'status': 'success', 'user_id': '1', 'message': 'User authenticated'}
2024-12-05 23:51:36.831 | INFO     | services.twoFactorAuth:enable_otp:29 - {'action': 'enable 2fa', 'status': 'success', 'user_data': 'email: popovrromma@gmail.com', 'message': 'Enable 2fa successfully'}
2024-12-06 00:22:38.817 | INFO     | services.auth:register:72 - {'action': 'register', 'status': 'success', 'user_data': 'email: popovroma054@gmail.com', 'message': 'User registered successfully'}
2024-12-06 00:22:47.729 | INFO     | services.auth:verify_user_account:282 - {'action': 'verify_user_account', 'status': 'success', 'user_data': 'email: popovroma054@gmail.com', 'message': 'Account verified successfully'}
2024-12-06 00:23:21.884 | INFO     | services.auth:authenticate_user:144 - {'action': 'login', 'status': 'success', 'user_data': 'email: popovroma054@gmail.com', 'message': 'User logged in successfully'}
2024-12-06 00:23:42.227 | INFO     | services.token:get_current_user:80 - {'action': 'get_current_user', 'status': 'success', 'user_id': '2', 'message': 'User authenticated'}
2024-12-06 00:37:27.308 | INFO     | services.auth:register:72 - {'action': 'register', 'status': 'success', 'user_data': 'email: popovroma054@gmail.com', 'message': 'User registered successfully'}
2024-12-06 00:37:38.060 | INFO     | services.auth:verify_user_account:282 - {'action': 'verify_user_account', 'status': 'success', 'user_data': 'email: popovroma054@gmail.com', 'message': 'Account verified successfully'}
2024-12-06 00:37:57.373 | INFO     | services.auth:authenticate_user:144 - {'action': 'login', 'status': 'success', 'user_data': 'email: popovroma054@gmail.com', 'message': 'User logged in successfully'}
2024-12-06 00:38:36.761 | INFO     | services.token:get_current_user:80 - {'action': 'get_current_user', 'status': 'success', 'user_id': '1', 'message': 'User authenticated'}
2024-12-06 00:56:52.889 | INFO     | services.auth:authenticate_user:144 - {'action': 'login', 'status': 'success', 'user_data': 'email: popovroma054@gmail.com', 'message': 'User logged in successfully'}
2024-12-06 00:57:08.797 | INFO     | services.token:get_current_user:80 - {'action': 'get_current_user', 'status': 'success', 'user_id': '1', 'message': 'User authenticated'}
2024-12-06 00:57:08.862 | INFO     | services.twoFactorAuth:enable_otp:31 - {'action': 'enable 2fa', 'status': 'success', 'user_data': 'email: popovroma054@gmail.com', 'message': 'Enable 2fa successfully'}
2024-12-06 00:59:26.179 | INFO     | services.auth:authenticate_user:144 - {'action': 'login', 'status': 'success', 'user_data': 'email: popovroma054@gmail.com', 'message': 'User logged in successfully'}
2024-12-06 00:59:31.281 | ERROR    | services.auth:authenticate_user:151 - {'action': 'login', 'status': 'failed', 'user_data': 'email: popovroma054@gmail.com', 'message': 'Incorrect 2fa code'}
2024-12-06 00:59:37.678 | INFO     | services.auth:authenticate_user:144 - {'action': 'login', 'status': 'success', 'user_data': 'email: popovroma054@gmail.com', 'message': 'User logged in successfully'}
2024-12-06 00:59:51.099 | INFO     | services.token:get_current_user:80 - {'action': 'get_current_user', 'status': 'success', 'user_id': '1', 'message': 'User authenticated'}
2024-12-06 00:59:51.111 | INFO     | services.twoFactorAuth:disable_2fa:66 - {'action': 'enable 2fa', 'status': 'success', 'user_data': 'email: popovroma054@gmail.com', 'message': 'Disable 2fa successfully'}
2024-12-06 01:00:17.794 | INFO     | services.token:get_current_user:80 - {'action': 'get_current_user', 'status': 'success', 'user_id': '1', 'message': 'User authenticated'}
2024-12-06 01:00:17.835 | INFO     | services.twoFactorAuth:enable_otp:31 - {'action': 'enable 2fa', 'status': 'success', 'user_data': 'email: popovroma054@gmail.com', 'message': 'Enable 2fa successfully'}
2024-12-06 01:00:39.181 | ERROR    | services.auth:authenticate_user:151 - {'action': 'login', 'status': 'failed', 'user_data': 'email: popovroma054@gmail.com', 'message': 'Incorrect 2fa code'}
2024-12-06 01:01:09.478 | INFO     | services.auth:authenticate_user:144 - {'action': 'login', 'status': 'success', 'user_data': 'email: popovroma054@gmail.com', 'message': 'User logged in successfully'}
2024-12-06 23:30:46.842 | INFO     | services.auth:register:72 - {'action': 'register', 'status': 'success', 'user_data': 'email: tutikosnov@gmail.com', 'message': 'User registered successfully'}
2024-12-07 00:56:38.386 | INFO     | services.auth:register:72 - {'action': 'register', 'status': 'success', 'user_data': 'email: tutikosnov@gmail.com', 'message': 'User registered successfully'}
2024-12-07 01:36:07.042 | INFO     | services.auth:register:72 - {'action': 'register', 'status': 'success', 'user_data': 'email: tutikosnov@gmail.com', 'message': 'User registered successfully'}
2024-12-07 01:40:53.537 | INFO     | services.auth:register:72 - {'action': 'register', 'status': 'success', 'user_data': 'email: tutikosnov@gmail.com', 'message': 'User registered successfully'}
2024-12-07 01:41:26.522 | INFO     | services.auth:register:72 - {'action': 'register', 'status': 'success', 'user_data': 'email: tutikosnov@gmail.com', 'message': 'User registered successfully'}
2024-12-07 01:42:42.901 | INFO     | services.auth:register:72 - {'action': 'register', 'status': 'success', 'user_data': 'email: test@test.com', 'message': 'User registered successfully'}
2024-12-07 01:43:36.257 | INFO     | services.auth:register:72 - {'action': 'register', 'status': 'success', 'user_data': 'email: test@test.com', 'message': 'User registered successfully'}
2024-12-07 01:45:16.662 | INFO     | services.auth:register:72 - {'action': 'register', 'status': 'success', 'user_data': 'email: test@test.com', 'message': 'User registered successfully'}
2024-12-07 01:45:34.213 | INFO     | services.auth:register:72 - {'action': 'register', 'status': 'success', 'user_data': 'email: test@test.com', 'message': 'User registered successfully'}
2024-12-07 01:46:11.294 | INFO     | services.auth:register:72 - {'action': 'register', 'status': 'success', 'user_data': 'email: test@test.com', 'message': 'User registered successfully'}
2024-12-07 23:35:04.728 | INFO     | services.auth:register:72 - {'action': 'register', 'status': 'success', 'user_data': 'email: test@test.com', 'message': 'User registered successfully'}
2024-12-07 23:51:54.767 | INFO     | services.auth:register:72 - {'action': 'register', 'status': 'success', 'user_data': 'email: test@test.com', 'message': 'User registered successfully'}
2024-12-07 23:56:19.575 | INFO     | services.auth:register:72 - {'action': 'register', 'status': 'success', 'user_data': 'email: test@test.com', 'message': 'User registered successfully'}
2024-12-07 23:58:04.337 | INFO     | services.auth:register:72 - {'action': 'register', 'status': 'success', 'user_data': 'email: test@test.com', 'message': 'User registered successfully'}
2024-12-08 00:02:38.657 | INFO     | services.auth:register:72 - {'action': 'register', 'status': 'success', 'user_data': 'email: test@test.com', 'message': 'User registered successfully'}
2024-12-08 00:04:12.083 | INFO     | services.auth:register:72 - {'action': 'register', 'status': 'success', 'user_data': 'email: test@test.com', 'message': 'User registered successfully'}
2024-12-08 00:04:44.963 | INFO     | services.auth:register:72 - {'action': 'register', 'status': 'success', 'user_data': 'email: test@test.com', 'message': 'User registered successfully'}
2024-12-08 00:05:03.977 | INFO     | services.auth:register:72 - {'action': 'register', 'status': 'success', 'user_data': 'email: test@test.com', 'message': 'User registered successfully'}
2024-12-08 00:22:23.006 | INFO     | services.auth:register:72 - {'action': 'register', 'status': 'success', 'user_data': 'email: test@test.com', 'message': 'User registered successfully'}
2024-12-08 00:23:14.727 | INFO     | services.auth:register:72 - {'action': 'register', 'status': 'success', 'user_data': 'email: test@test.com', 'message': 'User registered successfully'}
2024-12-08 00:26:20.898 | INFO     | services.auth:register:72 - {'action': 'register', 'status': 'success', 'user_data': 'email: test@test.com', 'message': 'User registered successfully'}
2024-12-08 00:26:58.678 | WARNING  | services.auth:authenticate_user:94 - {'action': 'login', 'status': 'failed', 'user_data': 'email: test@test.com', 'message': 'Incorrect email or password'}
2024-12-08 00:27:25.702 | INFO     | services.auth:register:72 - {'action': 'register', 'status': 'success', 'user_data': 'email: test@test.com', 'message': 'User registered successfully'}
2024-12-08 00:27:25.772 | ERROR    | services.auth:authenticate_user:109 - {'action': 'login', 'status': 'failed', 'user_data': 'email: test@test.com', 'message': 'Account is not confirmed'}
2024-12-08 00:30:48.801 | INFO     | services.auth:register:72 - {'action': 'register', 'status': 'success', 'user_data': 'email: test@test.com', 'message': 'User registered successfully'}
2024-12-08 00:31:18.572 | INFO     | services.auth:register:72 - {'action': 'register', 'status': 'success', 'user_data': 'email: test@test.com', 'message': 'User registered successfully'}
2024-12-08 00:32:05.567 | INFO     | services.auth:register:72 - {'action': 'register', 'status': 'success', 'user_data': 'email: test@test.com', 'message': 'User registered successfully'}
2024-12-08 00:33:36.517 | INFO     | services.auth:register:72 - {'action': 'register', 'status': 'success', 'user_data': 'email: test@test.com', 'message': 'User registered successfully'}
2024-12-08 00:35:11.582 | INFO     | services.auth:register:72 - {'action': 'register', 'status': 'success', 'user_data': 'email: test@test.com', 'message': 'User registered successfully'}
2024-12-08 00:35:33.199 | INFO     | services.auth:register:72 - {'action': 'register', 'status': 'success', 'user_data': 'email: test@test.com', 'message': 'User registered successfully'}
2024-12-08 00:40:47.961 | INFO     | services.auth:register:72 - {'action': 'register', 'status': 'success', 'user_data': 'email: test@test.com', 'message': 'User registered successfully'}
2024-12-08 00:47:47.910 | INFO     | services.auth:register:72 - {'action': 'register', 'status': 'success', 'user_data': 'email: test@test.com', 'message': 'User registered successfully'}
2024-12-08 00:49:55.421 | INFO     | services.auth:register:72 - {'action': 'register', 'status': 'success', 'user_data': 'email: test@test.com', 'message': 'User registered successfully'}
2024-12-08 00:49:55.502 | INFO     | services.auth:authenticate_user:144 - {'action': 'login', 'status': 'success', 'user_data': 'email: test@test.com', 'message': 'User logged in successfully'}
2024-12-08 00:52:13.065 | ERROR    | services.auth:authenticate_user:151 - {'action': 'login', 'status': 'failed', 'user_data': 'email: popovroma054@gmail.com', 'message': 'Incorrect 2fa code'}
2024-12-08 00:55:25.081 | INFO     | services.auth:register:72 - {'action': 'register', 'status': 'success', 'user_data': 'email: test@test.com', 'message': 'User registered successfully'}
2024-12-08 00:55:25.145 | INFO     | services.auth:authenticate_user:144 - {'action': 'login', 'status': 'success', 'user_data': 'email: test@test.com', 'message': 'User logged in successfully'}
2024-12-08 01:02:42.431 | ERROR    | services.auth:register:49 - {'action': 'register', 'status': 'failed', 'user_data': 'email: test@test.com', 'message': 'User with this email already exists'}
2024-12-08 01:03:07.202 | INFO     | services.auth:register:72 - {'action': 'register', 'status': 'success', 'user_data': 'email: test@test.com', 'message': 'User registered successfully'}
2024-12-08 01:03:58.810 | INFO     | services.auth:register:72 - {'action': 'register', 'status': 'success', 'user_data': 'email: test@test.com', 'message': 'User registered successfully'}
2024-12-08 01:04:18.969 | INFO     | services.auth:register:72 - {'action': 'register', 'status': 'success', 'user_data': 'email: test@test.com', 'message': 'User registered successfully'}
2024-12-08 01:04:19.035 | INFO     | services.auth:authenticate_user:144 - {'action': 'login', 'status': 'success', 'user_data': 'email: test@test.com', 'message': 'User logged in successfully'}
2024-12-08 01:05:51.164 | INFO     | services.auth:register:72 - {'action': 'register', 'status': 'success', 'user_data': 'email: test@test.com', 'message': 'User registered successfully'}
2024-12-08 01:06:36.744 | INFO     | services.auth:register:72 - {'action': 'register', 'status': 'success', 'user_data': 'email: test@test.com', 'message': 'User registered successfully'}
2024-12-08 01:08:23.664 | INFO     | services.auth:register:72 - {'action': 'register', 'status': 'success', 'user_data': 'email: test@test.com', 'message': 'User registered successfully'}
2024-12-08 01:08:59.901 | INFO     | services.auth:register:72 - {'action': 'register', 'status': 'success', 'user_data': 'email: test@test.com', 'message': 'User registered successfully'}
2024-12-08 01:08:59.981 | INFO     | services.auth:authenticate_user:144 - {'action': 'login', 'status': 'success', 'user_data': 'email: test@test.com', 'message': 'User logged in successfully'}
2024-12-08 01:09:44.077 | INFO     | services.auth:register:72 - {'action': 'register', 'status': 'success', 'user_data': 'email: test@test.com', 'message': 'User registered successfully'}
2024-12-08 01:09:44.145 | INFO     | services.auth:authenticate_user:144 - {'action': 'login', 'status': 'success', 'user_data': 'email: test@test.com', 'message': 'User logged in successfully'}
2024-12-08 01:11:00.000 | INFO     | services.auth:register:72 - {'action': 'register', 'status': 'success', 'user_data': 'email: test@test.com', 'message': 'User registered successfully'}
2024-12-08 01:11:00.068 | INFO     | services.auth:authenticate_user:144 - {'action': 'login', 'status': 'success', 'user_data': 'email: test@test.com', 'message': 'User logged in successfully'}
2024-12-08 01:11:10.441 | INFO     | services.auth:register:72 - {'action': 'register', 'status': 'success', 'user_data': 'email: test@test.com', 'message': 'User registered successfully'}
2024-12-08 01:11:10.513 | INFO     | services.auth:authenticate_user:144 - {'action': 'login', 'status': 'success', 'user_data': 'email: test@test.com', 'message': 'User logged in successfully'}
2024-12-08 18:50:37.348 | INFO     | services.auth:password_reset_request:174 - {'action': 'password_reset_request', 'status': 'success', 'user_data': 'email: test@test.com', 'message': 'Reset password message sent successfully to test@test.com'}
2024-12-08 18:53:28.316 | INFO     | services.auth:password_reset_request:174 - {'action': 'password_reset_request', 'status': 'success', 'user_data': 'email: test@test.com', 'message': 'Reset password message sent successfully to test@test.com'}
2024-12-08 19:02:52.648 | INFO     | services.auth:password_reset_request:174 - {'action': 'password_reset_request', 'status': 'success', 'user_data': 'email: test@test.com', 'message': 'Reset password message sent successfully to test@test.com'}
2024-12-08 19:03:12.746 | INFO     | services.auth:password_reset_request:174 - {'action': 'password_reset_request', 'status': 'success', 'user_data': 'email: test@test.com', 'message': 'Reset password message sent successfully to test@test.com'}
2024-12-08 19:03:45.804 | INFO     | services.auth:password_reset_request:174 - {'action': 'password_reset_request', 'status': 'success', 'user_data': 'email: test@test.com', 'message': 'Reset password message sent successfully to test@test.com'}
2024-12-08 19:10:44.999 | INFO     | services.auth:password_reset_request:174 - {'action': 'password_reset_request', 'status': 'success', 'user_data': 'email: test@test.com', 'message': 'Reset password message sent successfully to test@test.com'}
2024-12-08 19:12:02.743 | INFO     | services.auth:password_reset_request:174 - {'action': 'password_reset_request', 'status': 'success', 'user_data': 'email: test@test.com', 'message': 'Reset password message sent successfully to test@test.com'}
2024-12-08 19:12:46.634 | INFO     | services.auth:password_reset_request:174 - {'action': 'password_reset_request', 'status': 'success', 'user_data': 'email: test@test.com', 'message': 'Reset password message sent successfully to test@test.com'}
2024-12-08 20:08:37.121 | INFO     | services.auth:password_reset_request:174 - {'action': 'password_reset_request', 'status': 'success', 'user_data': 'email: test@test.com', 'message': 'Reset password message sent successfully to test@test.com'}
2024-12-08 20:20:23.033 | INFO     | services.auth:password_reset_request:174 - {'action': 'password_reset_request', 'status': 'success', 'user_data': 'email: popovroma054@gmail.com', 'message': 'Reset password message sent successfully to popovroma054@gmail.com'}
2024-12-09 13:08:47.697 | INFO     | services.auth:authenticate_user:144 - {'action': 'login', 'status': 'success', 'user_data': 'email: popovroma054@gmail.com', 'message': 'User logged in successfully'}
2024-12-09 13:09:05.344 | INFO     | services.token:get_current_user:80 - {'action': 'get_current_user', 'status': 'success', 'user_id': '1', 'message': 'User authenticated'}
2024-12-09 13:09:05.360 | INFO     | services.twoFactorAuth:disable_2fa:66 - {'action': 'enable 2fa', 'status': 'success', 'user_data': 'email: popovroma054@gmail.com', 'message': 'Disable 2fa successfully'}
2024-12-09 13:09:18.147 | INFO     | services.token:get_current_user:80 - {'action': 'get_current_user', 'status': 'success', 'user_id': '1', 'message': 'User authenticated'}
2024-12-09 13:09:18.222 | INFO     | services.twoFactorAuth:enable_otp:31 - {'action': 'enable 2fa', 'status': 'success', 'user_data': 'email: popovroma054@gmail.com', 'message': 'Enable 2fa successfully'}
2024-12-09 13:54:20.811 | INFO     | services.auth:authenticate_user:144 - {'action': 'login', 'status': 'success', 'user_data': 'email: popovroma054@gmail.com', 'message': 'User logged in successfully'}
2024-12-09 13:54:24.998 | ERROR    | services.auth:authenticate_user:151 - {'action': 'login', 'status': 'failed', 'user_data': 'email: popovroma054@gmail.com', 'message': 'Incorrect 2fa code'}
2024-12-09 13:54:27.793 | INFO     | services.auth:authenticate_user:144 - {'action': 'login', 'status': 'success', 'user_data': 'email: popovroma054@gmail.com', 'message': 'User logged in successfully'}
2024-12-09 14:16:55.452 | INFO     | services.auth:register:72 - {'action': 'register', 'status': 'success', 'user_data': 'email: mikhailov.kn@dvfu.ru', 'message': 'User registered successfully'}
2024-12-09 14:18:17.550 | INFO     | services.auth:verify_user_account:282 - {'action': 'verify_user_account', 'status': 'success', 'user_data': 'email: mikhailov.kn@dvfu.ru', 'message': 'Account verified successfully'}
2024-12-12 21:09:41.944 | ERROR    | services.auth:register:49 - {'action': 'register', 'status': 'failed', 'user_data': 'username: qwer', 'message': 'User with this username already exists'}
2024-12-12 21:10:42.933 | INFO     | services.auth:register:72 - {'action': 'register', 'status': 'success', 'user_data': 'email: popovrromma@gmail.com', 'message': 'User registered successfully'}
2024-12-12 21:10:56.936 | INFO     | services.auth:verify_user_account:282 - {'action': 'verify_user_account', 'status': 'success', 'user_data': 'email: popovrromma@gmail.com', 'message': 'Account verified successfully'}
2024-12-12 21:11:16.093 | WARNING  | services.auth:authenticate_user:94 - {'action': 'login', 'status': 'failed', 'user_data': 'email: qwerty', 'message': 'Incorrect email or password'}
2024-12-12 21:11:27.943 | INFO     | services.auth:authenticate_user:144 - {'action': 'login', 'status': 'success', 'user_data': 'email: popovrromma@gmail.com', 'message': 'User logged in successfully'}
2024-12-12 21:12:03.612 | INFO     | services.auth:password_reset_request:174 - {'action': 'password_reset_request', 'status': 'success', 'user_data': 'email: popovrromma@gmail.com', 'message': 'Reset password message sent successfully to popovrromma@gmail.com'}
2024-12-12 21:14:32.756 | INFO     | services.auth:reset_password:228 - {'action': 'reset_password', 'status': 'success', 'user_data': 'email: popovrromma@gmail.com', 'message': 'Password reset Successfully'}
2024-12-12 21:14:47.132 | INFO     | services.auth:authenticate_user:144 - {'action': 'login', 'status': 'success', 'user_data': 'email: popovrromma@gmail.com', 'message': 'User logged in successfully'}
2024-12-12 21:15:05.298 | INFO     | services.token:get_current_user:80 - {'action': 'get_current_user', 'status': 'success', 'user_id': '3', 'message': 'User authenticated'}
2024-12-12 21:15:50.363 | INFO     | services.token:get_current_user:80 - {'action': 'get_current_user', 'status': 'success', 'user_id': '3', 'message': 'User authenticated'}
2024-12-12 21:16:21.614 | INFO     | services.token:get_current_user:80 - {'action': 'get_current_user', 'status': 'success', 'user_id': '3', 'message': 'User authenticated'}
2024-12-12 21:16:21.639 | ERROR    | services.profile:change_email:70 - {'action': 'change_email', 'status': 'failed', 'user_data': 'user_email: popovroma054@gmail.com', 'message': 'User with this email already exists'}
2024-12-12 21:19:56.686 | INFO     | services.auth:register:72 - {'action': 'register', 'status': 'success', 'user_data': 'email: popovrromma@gmail.com', 'message': 'User registered successfully'}
2024-12-12 21:20:02.214 | INFO     | services.auth:verify_user_account:282 - {'action': 'verify_user_account', 'status': 'success', 'user_data': 'email: popovrromma@gmail.com', 'message': 'Account verified successfully'}
2024-12-12 21:20:22.772 | INFO     | services.auth:authenticate_user:144 - {'action': 'login', 'status': 'success', 'user_data': 'email: popovrromma@gmail.com', 'message': 'User logged in successfully'}
2024-12-12 21:20:46.980 | INFO     | services.auth:password_reset_request:174 - {'action': 'password_reset_request', 'status': 'success', 'user_data': 'email: popovrromma@gmail.com', 'message': 'Reset password message sent successfully to popovrromma@gmail.com'}
2024-12-12 21:21:12.967 | INFO     | services.auth:reset_password:228 - {'action': 'reset_password', 'status': 'success', 'user_data': 'email: popovrromma@gmail.com', 'message': 'Password reset Successfully'}
2024-12-12 21:21:20.326 | INFO     | services.auth:authenticate_user:144 - {'action': 'login', 'status': 'success', 'user_data': 'email: popovrromma@gmail.com', 'message': 'User logged in successfully'}
2024-12-12 21:21:37.880 | INFO     | services.token:get_current_user:80 - {'action': 'get_current_user', 'status': 'success', 'user_id': '1', 'message': 'User authenticated'}
2024-12-12 21:21:45.451 | INFO     | services.token:get_current_user:80 - {'action': 'get_current_user', 'status': 'success', 'user_id': '1', 'message': 'User authenticated'}
2024-12-12 21:22:15.570 | INFO     | services.token:get_current_user:80 - {'action': 'get_current_user', 'status': 'success', 'user_id': '1', 'message': 'User authenticated'}
2024-12-12 21:22:37.860 | INFO     | services.token:get_current_user:80 - {'action': 'get_current_user', 'status': 'success', 'user_id': '1', 'message': 'User authenticated'}
2024-12-12 21:22:37.959 | INFO     | services.profile:change_email:104 - {'action': 'change_email', 'status': 'success', 'user_data': 'user_old_email: popovrromma@gmail.com, user_new_email: popovroma054@gmail.com', 'message': 'Email changed successfully'}
2024-12-12 21:22:41.072 | INFO     | services.profile:change_email:112 - {'action': 'change_email', 'status': 'success', 'user_data': 'user_email: popovroma054@gmail.com', 'message': 'Confirmation (email) message sent successfully to {data.new_email}'}
2024-12-12 21:23:15.416 | INFO     | services.auth:verify_user_account:282 - {'action': 'verify_user_account', 'status': 'success', 'user_data': 'email: popovroma054@gmail.com', 'message': 'Account verified successfully'}
2024-12-12 21:23:25.535 | INFO     | services.token:get_current_user:80 - {'action': 'get_current_user', 'status': 'success', 'user_id': '1', 'message': 'User authenticated'}
2024-12-12 21:23:25.582 | INFO     | services.profile:change_username:158 - {'action': 'change_username', 'status': 'success', 'user_data': 'user_email: popovroma054@gmail.com, user_new_username: qwer', 'message': 'Username changed successfully'}
2024-12-12 21:23:59.992 | INFO     | services.token:get_current_user:80 - {'action': 'get_current_user', 'status': 'success', 'user_id': '1', 'message': 'User authenticated'}
2024-12-12 21:26:43.688 | INFO     | services.token:get_current_user:80 - {'action': 'get_current_user', 'status': 'success', 'user_id': '1', 'message': 'User authenticated'}
2024-12-12 21:27:46.648 | INFO     | services.token:get_current_user:80 - {'action': 'get_current_user', 'status': 'success', 'user_id': '1', 'message': 'User authenticated'}
2024-12-12 21:28:27.739 | INFO     | services.token:get_current_user:80 - {'action': 'get_current_user', 'status': 'success', 'user_id': '1', 'message': 'User authenticated'}
2024-12-12 21:28:56.581 | INFO     | services.auth:authenticate_user:144 - {'action': 'login', 'status': 'success', 'user_data': 'email: popovroma054@gmail.com', 'message': 'User logged in successfully'}
2024-12-12 21:29:15.478 | INFO     | services.token:get_current_user:80 - {'action': 'get_current_user', 'status': 'success', 'user_id': '1', 'message': 'User authenticated'}
2024-12-12 21:29:26.894 | INFO     | services.token:get_current_user:80 - {'action': 'get_current_user', 'status': 'success', 'user_id': '1', 'message': 'User authenticated'}
2024-12-12 21:29:59.002 | INFO     | services.token:get_current_user:80 - {'action': 'get_current_user', 'status': 'success', 'user_id': '1', 'message': 'User authenticated'}
2024-12-12 21:34:12.976 | INFO     | services.token:get_current_user:80 - {'action': 'get_current_user', 'status': 'success', 'user_id': '1', 'message': 'User authenticated'}
2024-12-12 21:34:34.899 | INFO     | services.token:get_current_user:80 - {'action': 'get_current_user', 'status': 'success', 'user_id': '1', 'message': 'User authenticated'}
2024-12-12 21:34:35.563 | INFO     | services.token:get_current_user:80 - {'action': 'get_current_user', 'status': 'success', 'user_id': '1', 'message': 'User authenticated'}
2024-12-12 21:34:58.068 | INFO     | services.auth:authenticate_user:144 - {'action': 'login', 'status': 'success', 'user_data': 'email: popovroma054@gmail.com', 'message': 'User logged in successfully'}
2024-12-12 21:35:18.673 | INFO     | services.token:get_current_user:80 - {'action': 'get_current_user', 'status': 'success', 'user_id': '1', 'message': 'User authenticated'}
2024-12-12 21:35:18.722 | INFO     | services.profile:change_phone_number:146 - {'action': 'change_phone_number', 'status': 'success', 'user_data': 'user_email: popovroma054@gmail.com, user_new_phone_number: 89996155235', 'message': 'Phone number changed successfully'}
2024-12-12 21:36:26.703 | INFO     | services.token:get_current_user:80 - {'action': 'get_current_user', 'status': 'success', 'user_id': '1', 'message': 'User authenticated'}
2024-12-12 21:36:26.733 | INFO     | services.profile:change_phone_number:146 - {'action': 'change_phone_number', 'status': 'success', 'user_data': 'user_email: popovroma054@gmail.com, user_new_phone_number: 89996125235', 'message': 'Phone number changed successfully'}
2024-12-12 21:36:43.830 | INFO     | services.token:get_current_user:80 - {'action': 'get_current_user', 'status': 'success', 'user_id': '1', 'message': 'User authenticated'}
2024-12-12 21:36:43.948 | INFO     | services.twoFactorAuth:enable_otp:31 - {'action': 'enable 2fa', 'status': 'success', 'user_data': 'email: popovroma054@gmail.com', 'message': 'Enable 2fa successfully'}
2024-12-12 21:37:43.544 | ERROR    | services.auth:authenticate_user:151 - {'action': 'login', 'status': 'failed', 'user_data': 'email: popovroma054@gmail.com', 'message': 'Incorrect 2fa code'}
2024-12-12 21:37:52.695 | INFO     | services.auth:authenticate_user:144 - {'action': 'login', 'status': 'success', 'user_data': 'email: popovroma054@gmail.com', 'message': 'User logged in successfully'}
2024-12-12 21:38:05.725 | INFO     | services.token:get_current_user:80 - {'action': 'get_current_user', 'status': 'success', 'user_id': '1', 'message': 'User authenticated'}
2024-12-12 21:38:05.738 | INFO     | services.twoFactorAuth:disable_2fa:66 - {'action': 'enable 2fa', 'status': 'success', 'user_data': 'email: popovroma054@gmail.com', 'message': 'Disable 2fa successfully'}
2024-12-12 21:38:23.648 | INFO     | services.auth:authenticate_user:144 - {'action': 'login', 'status': 'success', 'user_data': 'email: popovroma054@gmail.com', 'message': 'User logged in successfully'}
2024-12-12 21:39:04.891 | WARNING  | services.owner:owner_check:13 - {'action': 'owner_check', 'status': 'failed', 'message': 'Incorrect password'}
2024-12-12 21:39:48.102 | INFO     | services.owner:set_role:35 - {'action': 'set_role', 'status': 'success', 'user_data': 'user_email: popovroma054@gmail.com, user_role: admin', 'message': 'Role changed successfully'}
2024-12-12 21:40:47.718 | INFO     | services.owner:delete_user:95 - {'action': 'delete_user', 'status': 'success', 'user_data': 'user_email: popovroma054@gmail.com', 'message': 'User deleted successfully'}
2024-12-12 21:41:18.444 | ERROR    | services.token:verify_token:158 - {'action': 'verify_token', 'status': 'failed', 'token': "{'sub': '1', 'exp': 1734004403, 'refresh': False, 'iss': 'FVk-7Inp2tRnO_RJGuziEWhm1zZ5alGXgqIjd2z68_g'}", 'message': 'Access token should be a refresh token'}
2024-12-12 21:41:38.737 | WARNING  | services.auth:authenticate_user:94 - {'action': 'login', 'status': 'failed', 'user_data': 'email: popovroma054@gmail.com', 'message': 'Incorrect email or password'}
2024-12-12 21:43:04.711 | INFO     | services.auth:register:72 - {'action': 'register', 'status': 'success', 'user_data': 'email: popovrromma@gmail.com', 'message': 'User registered successfully'}
2024-12-12 21:43:13.602 | INFO     | services.auth:verify_user_account:282 - {'action': 'verify_user_account', 'status': 'success', 'user_data': 'email: popovrromma@gmail.com', 'message': 'Account verified successfully'}
2024-12-12 21:43:26.603 | INFO     | services.auth:authenticate_user:144 - {'action': 'login', 'status': 'success', 'user_data': 'email: popovrromma@gmail.com', 'message': 'User logged in successfully'}
2024-12-12 21:43:39.069 | INFO     | services.auth:authenticate_user:144 - {'action': 'login', 'status': 'success', 'user_data': 'email: popovrromma@gmail.com', 'message': 'User logged in successfully'}
